I didn't find game: InfinityCup.   Attempting to Restart...
I didn't find game: Coral Vale.   Attempting to Restart...
I didn't find game: InfinityCup.   Attempting to Restart...
I didn't find game: Coral Vale.   Attempting to Restart...
I didn't find game: Coral Vale.   Attempting to Restart...
I didn't find game: InfinityCup.   Attempting to Restart...
I didn't find game: InfinityCup.   Attempting to Restart...
I didn't find game: Coral Vale.   Attempting to Restart...
I didn't find game: Harmonica.   Attempting to Restart...
I didn't find game: ToEleven.   Attempting to Restart...
I didn't find game: Violin.   Attempting to Restart...
I didn't find game: Harmonica.   Attempting to Restart...
I didn't find game: ToEleven.   Attempting to Restart...
I didn't find game: Violin.   Attempting to Restart...
I didn't find game: Harmonica.   Attempting to Restart...
I didn't find game: ToEleven.   Attempting to Restart...
I didn't find game: Violin.   Attempting to Restart...
I didn't find game: Harmonica.   Attempting to Restart...
I didn't find game: ToEleven.   Attempting to Restart...
I didn't find game: Violin.   Attempting to Restart...
I didn't find game: Harmonica.   Attempting to Restart...
I didn't find game: ToEleven.   Attempting to Restart...
I didn't find game: Violin.   Attempting to Restart...
I didn't find game: Harmonica.   Attempting to Restart...
I didn't find game: ToEleven.   Attempting to Restart...
I didn't find game: AI Supremacy.   Attempting to Restart...
I didn't find game: AI Supremacy.   Attempting to Restart...
I didn't find game: Violin.   Attempting to Restart...
I didn't find game: Violin.   Attempting to Restart...
I didn't find game: Violin.   Attempting to Restart...
I didn't find game: Violin.   Attempting to Restart...
I didn't find game: Violin.   Attempting to Restart...
I didn't find game: Violin.   Attempting to Restart...
I didn't find game: Violin.   Attempting to Restart...
I didn't find game: Violin.   Attempting to Restart...
I didn't find game: Violin.   Attempting to Restart...
